<!-- NOTE! Since database tables don't have any metadata, you must add metadata
  below, notably 'units' for each of the dataVariables. -->
<dataset type="EDDTableFromDatabase" datasetID="arctic_toolkit_test_public_mof" active="true">
    <sourceUrl>jdbc:postgresql://localhost:5432/arctic_toolkit_test</sourceUrl>
    <driverName>org.postgresql.Driver</driverName>
    <connectionProperty name="user">erddap</connectionProperty>
    <connectionProperty name="password">butterfly321</connectionProperty>
    <catalogName>arctic_toolkit_test</catalogName>
    <schemaName>public</schemaName>
    <tableName>mof</tableName>
    <reloadEveryNMinutes>10080</reloadEveryNMinutes>
    <!-- sourceAttributes>
    </sourceAttributes -->
    <!-- Please specify the actual cdm_data_type (TimeSeries?) and related info below, for example...
        <att name="cdm_timeseries_variables">station_id, longitude, latitude</att>
        <att name="subsetVariables">station_id, longitude, latitude</att>
    -->
    <addAttributes>
        <att name="cdm_data_type">Other</att>
        <att name="Conventions">COARDS, CF-1.10, ACDD-1.3</att>
        <att name="creator_email">pmel.info@noaa.gov</att>
        <att name="creator_name">NOAA PMEL</att>
        <att name="creator_type">institution</att>
        <att name="creator_url">https://www.pmel.noaa.gov/</att>
        <att name="infoUrl">https://www.pmel.noaa.gov/</att>
        <att name="institution">NOAA PMEL</att>
        <att name="keywords">a_event_id, a_id, accuracy, biogeographic, data, data_source, datasetkey, date, determined, environmental, event, gbif, identifier, information, integrated, laboratory, level, marine, measurement, measurementaccuracy, measurementdeterminedby, measurementdetermineddate, measurementid, measurementmethod, measurementremarks, measurementtype, measurementtypeid, measurementunit, measurementunitid, measurementvalue, measurementvalueid, method, noaa, obis, occurrence, occurrence_source_id, occurrenceid, ocean, pacific, pmel, remarks, source, source_id, system, time, type, unit, value</att>
        <att name="license">[standard]</att>
        <att name="sourceUrl">(local database)</att>
        <att name="standard_name_vocabulary">CF Standard Name Table v70</att>
        <att name="summary">Integrated biological data from Ocean Biogeographic Information System (OBIS) and GBIF. Right now there may be overlap and duplicates between the two data. Check data_source to see where the data originates from.</att>
        <att name="title">Integrated OBIS and GBIF data</att>
    </addAttributes>
    <dataVariable>
        <sourceName>data_source</sourceName>
        <destinationName>data_source</destinationName>
        <dataType>String</dataType>
        <!-- sourceAttributes>
        </sourceAttributes -->
        <addAttributes>
            <att name="ioos_category">Unknown</att>
            <att name="long_name">Data Source</att>
        </addAttributes>
    </dataVariable>
    <dataVariable>
        <sourceName>source_id</sourceName>
        <destinationName>source_id</destinationName>
        <dataType>String</dataType>
        <!-- sourceAttributes>
        </sourceAttributes -->
        <addAttributes>
            <att name="ioos_category">Identifier</att>
            <att name="long_name">Source Id</att>
        </addAttributes>
    </dataVariable>
    <dataVariable>
        <sourceName>occurrence_source_id</sourceName>
        <destinationName>occurrence_source_id</destinationName>
        <dataType>String</dataType>
        <!-- sourceAttributes>
        </sourceAttributes -->
        <addAttributes>
            <att name="ioos_category">Identifier</att>
            <att name="long_name">Occurrence Source Id</att>
        </addAttributes>
    </dataVariable>
    <dataVariable>
        <sourceName>datasetkey</sourceName>
        <destinationName>datasetkey</destinationName>
        <dataType>String</dataType>
        <!-- sourceAttributes>
        </sourceAttributes -->
        <addAttributes>
            <att name="ioos_category">Unknown</att>
            <att name="long_name">Datasetkey</att>
        </addAttributes>
    </dataVariable>
    <dataVariable>
        <sourceName>measurementID</sourceName>
        <destinationName>measurementid</destinationName>
        <dataType>String</dataType>
        <!-- sourceAttributes>
        </sourceAttributes -->
        <addAttributes>
            <att name="ioos_category">Identifier</att>
            <att name="long_name">Measurement ID</att>
        </addAttributes>
    </dataVariable>
    <dataVariable>
        <sourceName>occurrenceID</sourceName>
        <destinationName>occurrenceid</destinationName>
        <dataType>String</dataType>
        <!-- sourceAttributes>
        </sourceAttributes -->
        <addAttributes>
            <att name="ioos_category">Identifier</att>
            <att name="long_name">Occurrence ID</att>
        </addAttributes>
    </dataVariable>
    <dataVariable>
        <sourceName>measurementType</sourceName>
        <destinationName>measurementtype</destinationName>
        <dataType>String</dataType>
        <!-- sourceAttributes>
        </sourceAttributes -->
        <addAttributes>
            <att name="ioos_category">Unknown</att>
            <att name="long_name">Measurement Type</att>
        </addAttributes>
    </dataVariable>
    <dataVariable>
        <sourceName>measurementtypeid</sourceName>
        <destinationName>measurementtypeid</destinationName>
        <dataType>String</dataType>
        <!-- sourceAttributes>
        </sourceAttributes -->
        <addAttributes>
            <att name="ioos_category">Unknown</att>
            <att name="long_name">Measurementtypeid</att>
        </addAttributes>
    </dataVariable>
    <dataVariable>
        <sourceName>measurementValue</sourceName>
        <destinationName>measurementvalue</destinationName>
        <dataType>String</dataType>
        <!-- sourceAttributes>
        </sourceAttributes -->
        <addAttributes>
            <att name="ioos_category">Unknown</att>
            <att name="long_name">Measurement Value</att>
        </addAttributes>
    </dataVariable>
    <dataVariable>
        <sourceName>measurementvalueid</sourceName>
        <destinationName>measurementvalueid</destinationName>
        <dataType>String</dataType>
        <!-- sourceAttributes>
        </sourceAttributes -->
        <addAttributes>
            <att name="ioos_category">Unknown</att>
            <att name="long_name">Measurementvalueid</att>
        </addAttributes>
    </dataVariable>
    <dataVariable>
        <sourceName>measurementAccuracy</sourceName>
        <destinationName>measurementaccuracy</destinationName>
        <dataType>String</dataType>
        <!-- sourceAttributes>
        </sourceAttributes -->
        <addAttributes>
            <att name="ioos_category">Unknown</att>
            <att name="long_name">Measurement Accuracy</att>
        </addAttributes>
    </dataVariable>
    <dataVariable>
        <sourceName>measurementUnit</sourceName>
        <destinationName>measurementunit</destinationName>
        <dataType>String</dataType>
        <!-- sourceAttributes>
        </sourceAttributes -->
        <addAttributes>
            <att name="ioos_category">Unknown</att>
            <att name="long_name">Measurement Unit</att>
        </addAttributes>
    </dataVariable>
    <dataVariable>
        <sourceName>measurementunitid</sourceName>
        <destinationName>measurementunitid</destinationName>
        <dataType>String</dataType>
        <!-- sourceAttributes>
        </sourceAttributes -->
        <addAttributes>
            <att name="ioos_category">Unknown</att>
            <att name="long_name">Measurementunitid</att>
        </addAttributes>
    </dataVariable>
    <dataVariable>
        <sourceName>measurementDeterminedDate</sourceName>
        <destinationName>measurementdetermineddate</destinationName>
        <dataType>String</dataType>
        <!-- sourceAttributes>
        </sourceAttributes -->
        <addAttributes>
            <att name="ioos_category">Time</att>
            <att name="long_name">Measurement Determined Date</att>
        </addAttributes>
    </dataVariable>
    <dataVariable>
        <sourceName>measurementDeterminedBy</sourceName>
        <destinationName>measurementdeterminedby</destinationName>
        <dataType>String</dataType>
        <!-- sourceAttributes>
        </sourceAttributes -->
        <addAttributes>
            <att name="ioos_category">Unknown</att>
            <att name="long_name">Measurement Determined By</att>
        </addAttributes>
    </dataVariable>
    <dataVariable>
        <sourceName>measurementMethod</sourceName>
        <destinationName>measurementmethod</destinationName>
        <dataType>String</dataType>
        <!-- sourceAttributes>
        </sourceAttributes -->
        <addAttributes>
            <att name="ioos_category">Unknown</att>
            <att name="long_name">Measurement Method</att>
        </addAttributes>
    </dataVariable>
    <dataVariable>
        <sourceName>measurementRemarks</sourceName>
        <destinationName>measurementremarks</destinationName>
        <dataType>String</dataType>
        <!-- sourceAttributes>
        </sourceAttributes -->
        <addAttributes>
            <att name="ioos_category">Unknown</att>
            <att name="long_name">Measurement Remarks</att>
        </addAttributes>
    </dataVariable>
    <dataVariable>
        <sourceName>_event_id</sourceName>
        <destinationName>a_event_id</destinationName>
        <dataType>String</dataType>
        <!-- sourceAttributes>
        </sourceAttributes -->
        <addAttributes>
            <att name="ioos_category">Identifier</att>
            <att name="long_name">Event Id</att>
        </addAttributes>
    </dataVariable>
    <dataVariable>
        <sourceName>id</sourceName>
        <destinationName>id</destinationName>
        <dataType>String</dataType>
        <!-- sourceAttributes>
        </sourceAttributes -->
        <addAttributes>
            <att name="ioos_category">Identifier</att>
            <att name="long_name">Id</att>
        </addAttributes>
    </dataVariable>
    <dataVariable>
        <sourceName>_id</sourceName>
        <destinationName>a_id</destinationName>
        <dataType>String</dataType>
        <!-- sourceAttributes>
        </sourceAttributes -->
        <addAttributes>
            <att name="ioos_category">Identifier</att>
            <att name="long_name">Id</att>
        </addAttributes>
    </dataVariable>
    <dataVariable>
        <sourceName>level</sourceName>
        <destinationName>level</destinationName>
        <dataType>int</dataType>
        <!-- sourceAttributes>
        </sourceAttributes -->
        <addAttributes>
            <att name="ioos_category">Unknown</att>
            <att name="long_name">Level</att>
        </addAttributes>
    </dataVariable>
</dataset>


