<!-- NOTE! Since Parquet files have no metadata, you MUST edit the chunk
  of datasets.xml below to add all of the metadata (especially "units"). -->
<dataset type="EDDTableFromParquetFiles" datasetID="test_data_5053_b9b7_c179" active="true">
    <reloadEveryNMinutes>10080</reloadEveryNMinutes>
    <updateEveryNMillis>10000</updateEveryNMillis>
    <fileDir>/home/users/zalmanek/arctic_postgres/get_test_data/test_data/</fileDir>
    <fileNameRegex>.*mof.*\.parquet</fileNameRegex>
    <recursive>true</recursive>
    <pathRegex>.*</pathRegex>
    <metadataFrom>last</metadataFrom>
    <standardizeWhat>0</standardizeWhat>
    <sortFilesBySourceNames></sortFilesBySourceNames>
    <fileTableInMemory>false</fileTableInMemory>
    <accessibleViaFiles>true</accessibleViaFiles>
    <!-- sourceAttributes>
    </sourceAttributes -->
    <!-- Please specify the actual cdm_data_type (TimeSeries?) and related info below, for example...
        <att name="cdm_timeseries_variables">station_id, longitude, latitude</att>
        <att name="subsetVariables">station_id, longitude, latitude</att>
    -->
    <addAttributes>
        <att name="cdm_data_type">Other</att>
        <att name="Conventions">COARDS, CF-1.10, ACDD-1.3</att>
        <att name="infoUrl">???</att>
        <att name="institution">???</att>
        <att name="keywords">a_event_id, a_id, accuracy, data, data_source, date, determined, event, identifier, level, local, measurement, measurementAccuracy, measurementDeterminedBy, measurementDeterminedDate, measurementID, measurementMethod, measurementRemarks, measurementType, measurementTypeID, measurementUnit, measurementUnitID, measurementValue, measurementValueID, method, occurrence, occurrence_source_id, occurrenceID, remarks, source, source_id, time, type, unit, value</att>
        <att name="license">[standard]</att>
        <att name="sourceUrl">(local files)</att>
        <att name="standard_name_vocabulary">CF Standard Name Table v70</att>
        <att name="subsetVariables">a_event_id, level, measurementAccuracy, measurementDeterminedBy, measurementDeterminedDate, measurementID, measurementMethod, data_source</att>
        <att name="summary">Data from a local source.</att>
        <att name="title">Data from a local source.</att>
    </addAttributes>
    <dataVariable>
        <sourceName>source_id</sourceName>
        <destinationName>source_id</destinationName>
        <dataType>String</dataType>
        <!-- sourceAttributes>
        </sourceAttributes -->
        <addAttributes>
            <att name="ioos_category">Identifier</att>
            <att name="long_name">Source Id</att>
        </addAttributes>
    </dataVariable>
    <dataVariable>
        <sourceName>_event_id</sourceName>
        <destinationName>a_event_id</destinationName>
        <dataType>String</dataType>
        <!-- sourceAttributes>
        </sourceAttributes -->
        <addAttributes>
            <att name="ioos_category">Identifier</att>
            <att name="long_name">Event Id</att>
        </addAttributes>
    </dataVariable>
    <dataVariable>
        <sourceName>_id</sourceName>
        <destinationName>a_id</destinationName>
        <dataType>String</dataType>
        <!-- sourceAttributes>
        </sourceAttributes -->
        <addAttributes>
            <att name="ioos_category">Identifier</att>
            <att name="long_name">Id</att>
        </addAttributes>
    </dataVariable>
    <dataVariable>
        <sourceName>id</sourceName>
        <destinationName>id</destinationName>
        <dataType>String</dataType>
        <!-- sourceAttributes>
        </sourceAttributes -->
        <addAttributes>
            <att name="ioos_category">Identifier</att>
            <att name="long_name">Id</att>
        </addAttributes>
    </dataVariable>
    <dataVariable>
        <sourceName>level</sourceName>
        <destinationName>level</destinationName>
        <dataType>byte</dataType>
        <!-- sourceAttributes>
        </sourceAttributes -->
        <addAttributes>
            <att name="_FillValue" type="byte">127</att>
            <att name="ioos_category">Unknown</att>
            <att name="long_name">Level</att>
        </addAttributes>
    </dataVariable>
    <dataVariable>
        <sourceName>measurementAccuracy</sourceName>
        <destinationName>measurementAccuracy</destinationName>
        <dataType>String</dataType>
        <!-- sourceAttributes>
        </sourceAttributes -->
        <addAttributes>
            <att name="ioos_category">Unknown</att>
            <att name="long_name">Measurement Accuracy</att>
        </addAttributes>
    </dataVariable>
    <dataVariable>
        <sourceName>measurementDeterminedBy</sourceName>
        <destinationName>measurementDeterminedBy</destinationName>
        <dataType>String</dataType>
        <!-- sourceAttributes>
        </sourceAttributes -->
        <addAttributes>
            <att name="ioos_category">Unknown</att>
            <att name="long_name">Measurement Determined By</att>
        </addAttributes>
    </dataVariable>
    <dataVariable>
        <sourceName>measurementDeterminedDate</sourceName>
        <destinationName>measurementDeterminedDate</destinationName>
        <dataType>String</dataType>
        <!-- sourceAttributes>
        </sourceAttributes -->
        <addAttributes>
            <att name="ioos_category">Time</att>
            <att name="long_name">Measurement Determined Date</att>
        </addAttributes>
    </dataVariable>
    <dataVariable>
        <sourceName>measurementID</sourceName>
        <destinationName>measurementID</destinationName>
        <dataType>String</dataType>
        <!-- sourceAttributes>
        </sourceAttributes -->
        <addAttributes>
            <att name="ioos_category">Identifier</att>
            <att name="long_name">Measurement ID</att>
        </addAttributes>
    </dataVariable>
    <dataVariable>
        <sourceName>measurementMethod</sourceName>
        <destinationName>measurementMethod</destinationName>
        <dataType>String</dataType>
        <!-- sourceAttributes>
        </sourceAttributes -->
        <addAttributes>
            <att name="ioos_category">Unknown</att>
            <att name="long_name">Measurement Method</att>
        </addAttributes>
    </dataVariable>
    <dataVariable>
        <sourceName>measurementRemarks</sourceName>
        <destinationName>measurementRemarks</destinationName>
        <dataType>String</dataType>
        <!-- sourceAttributes>
        </sourceAttributes -->
        <addAttributes>
            <att name="ioos_category">Unknown</att>
            <att name="long_name">Measurement Remarks</att>
        </addAttributes>
    </dataVariable>
    <dataVariable>
        <sourceName>measurementType</sourceName>
        <destinationName>measurementType</destinationName>
        <dataType>String</dataType>
        <!-- sourceAttributes>
        </sourceAttributes -->
        <addAttributes>
            <att name="ioos_category">Unknown</att>
            <att name="long_name">Measurement Type</att>
        </addAttributes>
    </dataVariable>
    <dataVariable>
        <sourceName>measurementTypeID</sourceName>
        <destinationName>measurementTypeID</destinationName>
        <dataType>String</dataType>
        <!-- sourceAttributes>
        </sourceAttributes -->
        <addAttributes>
            <att name="ioos_category">Identifier</att>
            <att name="long_name">Measurement Type ID</att>
        </addAttributes>
    </dataVariable>
    <dataVariable>
        <sourceName>measurementUnit</sourceName>
        <destinationName>measurementUnit</destinationName>
        <dataType>String</dataType>
        <!-- sourceAttributes>
        </sourceAttributes -->
        <addAttributes>
            <att name="ioos_category">Unknown</att>
            <att name="long_name">Measurement Unit</att>
        </addAttributes>
    </dataVariable>
    <dataVariable>
        <sourceName>measurementUnitID</sourceName>
        <destinationName>measurementUnitID</destinationName>
        <dataType>String</dataType>
        <!-- sourceAttributes>
        </sourceAttributes -->
        <addAttributes>
            <att name="ioos_category">Identifier</att>
            <att name="long_name">Measurement Unit ID</att>
        </addAttributes>
    </dataVariable>
    <dataVariable>
        <sourceName>measurementValue</sourceName>
        <destinationName>measurementValue</destinationName>
        <dataType>String</dataType>
        <!-- sourceAttributes>
        </sourceAttributes -->
        <addAttributes>
            <att name="ioos_category">Unknown</att>
            <att name="long_name">Measurement Value</att>
        </addAttributes>
    </dataVariable>
    <dataVariable>
        <sourceName>measurementValueID</sourceName>
        <destinationName>measurementValueID</destinationName>
        <dataType>String</dataType>
        <!-- sourceAttributes>
        </sourceAttributes -->
        <addAttributes>
            <att name="ioos_category">Identifier</att>
            <att name="long_name">Measurement Value ID</att>
        </addAttributes>
    </dataVariable>
    <dataVariable>
        <sourceName>occurrenceID</sourceName>
        <destinationName>occurrenceID</destinationName>
        <dataType>String</dataType>
        <!-- sourceAttributes>
        </sourceAttributes -->
        <addAttributes>
            <att name="ioos_category">Identifier</att>
            <att name="long_name">Occurrence ID</att>
        </addAttributes>
    </dataVariable>
    <dataVariable>
        <sourceName>occurrence_source_id</sourceName>
        <destinationName>occurrence_source_id</destinationName>
        <dataType>String</dataType>
        <!-- sourceAttributes>
        </sourceAttributes -->
        <addAttributes>
            <att name="ioos_category">Identifier</att>
            <att name="long_name">Occurrence Source Id</att>
        </addAttributes>
    </dataVariable>
    <dataVariable>
        <sourceName>data_source</sourceName>
        <destinationName>data_source</destinationName>
        <dataType>String</dataType>
        <!-- sourceAttributes>
        </sourceAttributes -->
        <addAttributes>
            <att name="ioos_category">Unknown</att>
            <att name="long_name">Data Source</att>
        </addAttributes>
    </dataVariable>
</dataset>


